[2017-11-10 16:42:14] START
[2017-11-10 16:42:57] CREATE house_db.py: 0
[2017-11-14 17:23:58] EDIT HouseBook/views/default/index.html: 0
[2017-11-14 17:25:53] EDIT HouseBook/controllers/default.py: 0
[2017-11-14 17:31:06] EDIT HouseBook/views/default/index.html: -7
[2017-11-14 17:32:33] EDIT HouseBook/views/default/index.html: 0
[2017-11-14 17:33:10] EDIT HouseBook/views/default/index.html: 0
[2017-11-14 17:56:46] EDIT HouseBook/views/default/index.html: -2
[2017-11-14 18:06:21] EDIT HouseBook/models/house_db.py: 5
[2017-11-14 18:06:37] EDIT HouseBook/models/house_db.py: 0
[2017-11-14 18:08:03] CREATE address.py: 0
[2017-11-14 18:11:32] EDIT HouseBook/controllers/address.py: 2
[2017-11-14 18:14:59] CREATE address/index.html: 0
[2017-11-14 18:18:34] EDIT HouseBook/views/address/index.html: 10
[2017-11-14 18:19:06] EDIT HouseBook/views/address/index.html: 0
[2017-11-14 18:19:17] EDIT HouseBook/views/address/index.html: 0
[2017-11-14 18:20:07] EDIT HouseBook/views/address/index.html: 2
[2017-11-14 18:21:35] EDIT HouseBook/views/address/index.html: 4
[2017-11-14 18:22:08] EDIT HouseBook/views/address/index.html: 0
[2017-11-14 18:23:09] EDIT HouseBook/views/address/index.html: 3
[2017-11-14 18:23:40] EDIT HouseBook/views/address/index.html: 0
[2017-11-14 18:24:08] EDIT HouseBook/views/address/index.html: 0
[2017-11-15 07:52:52] EDIT HouseBook/models/house_db.py: 12
[2017-11-15 07:53:39] EDIT HouseBook/models/house_db.py: 0
[2017-11-15 07:54:03] EDIT HouseBook/models/house_db.py: 0
[2017-11-15 07:54:23] EDIT HouseBook/models/house_db.py: 0
[2017-11-15 07:54:48] EDIT HouseBook/models/house_db.py: 0
[2017-11-15 07:55:46] EDIT HouseBook/models/house_db.py: 0
[2017-11-15 07:56:07] EDIT HouseBook/models/house_db.py: 0
[2017-11-15 08:04:41] EDIT HouseBook/controllers/address.py: 6
[2017-11-15 08:04:55] EDIT HouseBook/controllers/address.py: 1
[2017-11-15 08:17:03] EDIT HouseBook/controllers/address.py: 3
[2017-11-15 08:19:04] CREATE address/address_create.html: 0
[2017-11-15 08:19:09] EDIT HouseBook/views/address/address_create.html: 0
[2017-11-15 08:20:33] EDIT HouseBook/views/address/address_create.html: 2
[2017-11-15 08:20:58] EDIT HouseBook/views/address/address_create.html: 2
[2017-11-15 08:21:46] EDIT HouseBook/controllers/address.py: 0
[2017-11-15 08:23:01] CREATE address/create.html: 0
[2017-11-15 08:23:11] EDIT HouseBook/views/address/create.html: 4
[2017-11-15 08:24:07] EDIT HouseBook/models/house_db.py: 0
[2017-11-15 08:25:43] EDIT HouseBook/controllers/address.py: 3
[2017-11-15 08:26:05] EDIT HouseBook/controllers/address.py: 0
[2017-11-15 08:27:08] EDIT HouseBook/models/house_db.py: 0
[2017-11-15 08:29:03] EDIT HouseBook/controllers/address.py: 0
[2017-11-15 08:30:37] EDIT HouseBook/models/house_db.py: -8
[2017-11-15 08:31:42] EDIT HouseBook/models/house_db.py: 0
[2017-11-15 08:46:42] EDIT HouseBook/models/house_db.py: 0
[2017-11-15 08:47:15] EDIT HouseBook/models/house_db.py: 0
[2017-11-15 08:47:48] DELETE HouseBook/models/house_db.py: -9
[2017-11-15 08:47:57] CREATE house.db.py: 0
[2017-11-15 08:48:02] DELETE HouseBook/models/house.db.py: 0
[2017-11-15 08:48:10] CREATE house_db.py: 0
[2017-11-15 08:48:16] EDIT HouseBook/models/house_db.py: 9
[2017-11-15 18:28:59] EDIT HouseBook/models/menu.py: 1
[2017-11-15 18:29:19] EDIT HouseBook/models/menu.py: 0
[2017-11-15 18:30:18] EDIT HouseBook/models/menu.py: 0
[2017-11-15 18:32:12] EDIT HouseBook/models/menu.py: 0
[2017-11-15 18:33:35] CREATE house.py: 0
[2017-11-15 18:33:46] EDIT HouseBook/models/house.py: 9
[2017-11-15 18:35:05] DELETE HouseBook/models/house_db.py: -9
[2017-11-15 18:35:45] EDIT HouseBook/models/house.py: 1
[2017-11-15 18:36:50] DELETE HouseBook/models/house.py: -10
[2017-11-15 18:37:12] CREATE house.py: 0
[2017-11-15 18:37:23] EDIT HouseBook/models/house.py: 10
[2017-11-15 18:38:11] EDIT HouseBook/models/house.py: 0
[2017-11-15 18:38:27] EDIT HouseBook/controllers/address.py: 0
[2017-11-15 18:39:27] EDIT HouseBook/controllers/address.py: 0
[2017-11-15 18:43:09] EDIT HouseBook/models/menu.py: 2
[2017-11-15 18:44:40] EDIT HouseBook/models/house.py: -1
[2017-11-15 18:45:58] EDIT HouseBook/views/address/index.html: 0
[2017-11-15 18:49:50] EDIT HouseBook/models/house.py: 1
[2017-11-15 18:51:54] EDIT HouseBook/models/house.py: 1
[2017-11-15 18:52:14] EDIT HouseBook/views/address/index.html: 0
[2017-11-15 18:52:51] EDIT HouseBook/views/address/index.html: 0
[2017-11-16 07:38:04] EDIT HouseBook/static/css/web2py.css: 0
[2017-11-16 07:43:54] EDIT HouseBook/static/css/web2py.css: 0
[2017-11-16 07:44:08] EDIT HouseBook/static/css/web2py.css: 0
[2017-11-16 07:46:54] EDIT HouseBook/static/css/web2py.css: 0
[2017-11-16 07:47:32] EDIT HouseBook/static/css/web2py.css: 0
[2017-11-16 07:47:39] EDIT HouseBook/static/css/web2py.css: 0
[2017-11-16 07:47:56] EDIT HouseBook/static/css/web2py.css: 0
[2017-11-16 07:48:23] EDIT HouseBook/views/address/index.html: 0
[2017-11-16 07:48:51] EDIT HouseBook/views/address/index.html: 0
[2017-11-16 07:49:04] EDIT HouseBook/views/address/index.html: 0
[2017-11-16 07:49:30] EDIT HouseBook/views/address/index.html: 0
[2017-11-16 07:49:36] EDIT HouseBook/views/address/index.html: 0
[2017-11-16 07:50:27] EDIT HouseBook/static/css/web2py.css: 0
[2017-11-16 07:50:53] EDIT HouseBook/static/css/web2py.css: 0
[2017-11-16 07:51:03] EDIT HouseBook/static/css/web2py.css: 0
[2017-11-16 07:51:27] EDIT HouseBook/static/css/web2py.css: 0
[2017-11-16 07:51:49] EDIT HouseBook/static/css/web2py.css: 0
[2017-11-16 07:53:05] EDIT HouseBook/static/css/web2py.css: 1
[2017-11-16 07:53:52] EDIT HouseBook/static/css/web2py.css: 3
[2017-11-16 07:55:49] EDIT HouseBook/static/css/web2py.css: -4
[2017-11-16 07:57:41] EDIT HouseBook/static/css/web2py.css: 0
[2017-11-16 08:04:18] EDIT HouseBook/views/address/index.html: 0
[2017-11-16 08:07:36] EDIT HouseBook/static/css/web2py.css: 4
[2017-11-16 08:07:48] EDIT HouseBook/views/address/index.html: 0
[2017-11-16 08:08:31] EDIT HouseBook/static/css/web2py.css: 0
[2017-11-16 08:08:46] EDIT HouseBook/static/css/web2py.css: 1
[2017-11-16 08:17:32] EDIT HouseBook/views/address/index.html: 0
[2017-11-16 08:17:52] EDIT HouseBook/views/address/index.html: 0
[2017-11-16 08:17:59] EDIT HouseBook/views/address/index.html: 0
[2017-11-16 08:18:07] EDIT HouseBook/views/address/index.html: 0
[2017-11-16 08:18:40] EDIT HouseBook/views/address/index.html: 0
[2017-11-16 08:21:15] EDIT HouseBook/static/css/web2py-bootstrap3.css: 5
[2017-11-16 08:21:37] EDIT HouseBook/static/css/web2py-bootstrap3.css: -1
[2017-11-16 08:24:25] EDIT HouseBook/static/css/web2py-bootstrap3.css: 5
[2017-11-16 08:24:39] EDIT HouseBook/static/css/web2py-bootstrap3.css: -5
[2017-11-16 08:25:00] EDIT HouseBook/views/address/index.html: 0
[2017-11-16 08:25:16] EDIT HouseBook/static/css/web2py-bootstrap3.css: 0
[2017-11-16 08:25:26] EDIT HouseBook/static/css/web2py-bootstrap3.css: 0
[2017-11-16 08:26:12] EDIT HouseBook/static/css/web2py-bootstrap3.css: 5
[2017-11-16 08:26:47] EDIT HouseBook/static/css/web2py-bootstrap3.css: -2
[2017-11-16 08:27:13] EDIT HouseBook/static/css/web2py-bootstrap3.css: 3
[2017-11-16 08:30:22] EDIT HouseBook/models/house.py: 1
[2017-11-16 08:31:36] EDIT HouseBook/models/house.py: 2
[2017-11-16 08:32:04] EDIT HouseBook/models/house.py: 0
[2017-11-16 08:32:19] EDIT HouseBook/models/house.py: 0
[2017-11-16 18:54:06] EDIT HouseBook/controllers/address.py: 9
[2017-11-16 19:23:41] EDIT HouseBook/controllers/address.py: 3
[2017-11-16 19:24:40] CREATE address/show.html: 0
[2017-11-16 19:25:13] EDIT HouseBook/controllers/address.py: 0
[2017-11-16 19:25:19] EDIT HouseBook/views/address/show.html: 0
[2017-11-16 19:26:24] EDIT HouseBook/views/address/show.html: 0
[2017-11-16 19:27:43] EDIT HouseBook/views/address/show.html: 3
[2017-11-16 19:28:33] EDIT HouseBook/views/address/show.html: 3
[2017-11-16 19:28:50] EDIT HouseBook/views/address/show.html: 0
[2017-11-16 19:30:10] EDIT HouseBook/views/address/show.html: 0
[2017-11-16 19:30:49] EDIT HouseBook/views/address/show.html: 0
[2017-11-16 19:31:11] EDIT HouseBook/views/address/show.html: 0
[2017-11-16 19:33:36] EDIT HouseBook/views/address/show.html: 0
[2017-11-16 19:34:40] EDIT HouseBook/views/address/show.html: 0
[2017-11-16 19:34:43] EDIT HouseBook/controllers/address.py: 0
[2017-11-16 19:36:54] EDIT HouseBook/views/address/show.html: 0
[2017-11-16 19:37:03] EDIT HouseBook/views/address/show.html: 0
[2017-11-16 19:37:52] EDIT HouseBook/views/address/show.html: 0
[2017-11-16 19:38:30] EDIT HouseBook/views/address/show.html: 0
[2017-11-16 19:39:08] EDIT HouseBook/views/address/show.html: 0
[2017-11-16 19:39:47] EDIT HouseBook/views/address/show.html: 0
[2017-11-16 19:41:40] EDIT HouseBook/views/address/show.html: 3
[2017-11-16 19:41:59] EDIT HouseBook/views/address/show.html: 0
[2017-11-16 19:43:59] EDIT HouseBook/views/address/show.html: 1
[2017-11-16 19:44:15] EDIT HouseBook/views/address/show.html: 0
[2017-11-16 19:48:13] EDIT HouseBook/views/address/index.html: 0
[2017-11-16 19:50:13] EDIT HouseBook/views/address/index.html: 0
[2017-11-16 19:51:14] EDIT HouseBook/views/address/index.html: 0
[2017-11-16 19:51:27] EDIT HouseBook/views/address/index.html: 0
[2017-11-16 19:51:59] EDIT HouseBook/views/address/index.html: 0
[2017-11-16 19:52:15] EDIT HouseBook/views/address/index.html: 0
[2017-11-22 19:14:23] EDIT HouseBook/models/house.py: 2
[2018-11-22 08:35:37] EDIT HouseBook/models/house.py: 5
[2018-11-22 08:46:59] EDIT HouseBook/models/house.py: 1
[2018-11-22 08:49:35] CREATE jobs.py: 0
[2018-11-22 08:50:43] EDIT HouseBook/controllers/jobs.py: 2
[2018-11-22 08:51:21] EDIT HouseBook/controllers/jobs.py: 0
[2018-11-22 08:53:32] EDIT HouseBook/models/house.py: 2
[2018-11-22 08:53:39] EDIT HouseBook/models/house.py: 0
[2018-11-22 08:54:40] EDIT HouseBook/models/house.py: 1
[2018-11-22 08:55:19] EDIT HouseBook/controllers/jobs.py: 12
[2018-11-22 08:57:10] EDIT HouseBook/controllers/jobs.py: 3
[2018-11-22 09:00:54] EDIT HouseBook/models/house.py: 8
[2018-11-22 09:01:25] EDIT HouseBook/models/house.py: 0
[2018-11-22 09:03:07] EDIT HouseBook/models/house.py: 0
[2018-11-26 08:08:33] EDIT HouseBook/models/house.py: 0
[2018-11-26 08:16:04] EDIT HouseBook/controllers/jobs.py: 0
[2018-11-26 08:17:05] EDIT HouseBook/controllers/jobs.py: 0
[2018-11-26 08:21:22] EDIT HouseBook/models/house.py: 0
[2018-11-26 08:23:33] EDIT HouseBook/models/house.py: 0
[2018-11-26 18:49:28] EDIT HouseBook/models/house.py: 0
[2018-11-26 18:50:57] EDIT HouseBook/models/house.py: 0
[2018-11-26 18:53:55] EDIT HouseBook/models/house.py: 0
[2018-11-26 18:55:10] EDIT HouseBook/models/house.py: 0
[2018-11-27 18:37:09] EDIT HouseBook/models/house.py: 0
[2018-11-27 18:38:51] EDIT HouseBook/controllers/jobs.py: 0
[2018-11-27 18:46:07] EDIT HouseBook/models/house.py: 4
[2018-11-27 18:47:22] CREATE test.py: 0
[2018-11-27 18:47:33] EDIT HouseBook/models/test.py: 23
[2018-11-27 18:48:29] CREATE test.py: 0
[2018-11-27 18:48:54] EDIT HouseBook/controllers/test.py: 11
[2018-11-27 18:49:33] CREATE test/register_person.html: 0
[2018-11-27 18:49:42] EDIT HouseBook/views/test/register_person.html: 2
[2018-11-27 18:51:04] EDIT HouseBook/controllers/test.py: 8
[2018-11-27 18:51:29] CREATE test/register_product.html: 0
[2018-11-27 18:51:35] EDIT HouseBook/views/test/register_product.html: 2
[2018-11-27 18:53:08] EDIT HouseBook/controllers/test.py: 24
[2018-11-27 18:53:32] CREATE test/buy.html: 0
[2018-11-27 18:53:36] EDIT HouseBook/views/test/buy.html: 3
[2018-11-27 22:22:05] EDIT HouseBook/controllers/test.py: 4
[2018-11-27 22:24:24] EDIT HouseBook/controllers/test.py: 2
[2018-11-28 07:48:57] CREATE coredb.py: 0
[2018-11-28 08:05:01] EDIT HouseBook/models/coredb.py: 28
[2018-11-28 08:05:12] EDIT HouseBook/models/coredb.py: 0
[2018-11-28 08:08:38] EDIT HouseBook/models/coredb.py: 0
[2018-11-28 08:26:34] EDIT HouseBook/models/coredb.py: 0
[2018-11-28 08:28:16] EDIT HouseBook/controllers/test.py: 0
[2018-11-28 08:29:26] EDIT HouseBook/models/coredb.py: 0
[2018-11-28 08:33:04] EDIT HouseBook/controllers/test.py: 0
